<?xml version="1.0" encoding="UTF-8"?>
<!-- Generated by org.testng.reporters.JUnitReportReporter -->
<testsuite hostname="ARS747791" failures="0" tests="2" name="checkpack.VerifyFacbookLogin" time="16.037" errors="0" timestamp="2023-10-12T14:26:37 IST" skipped="0">
  <testcase classname="checkpack.VerifyFacbookLogin" name="openLoginPage" time="8.143"/>
  <testcase classname="checkpack.VerifyFacbookLogin" name="VerifyForgetButton" time="7.894"/>
</testsuite> <!-- checkpack.VerifyFacbookLogin -->
