<?xml version="1.0" encoding="UTF-8"?>
<!-- Generated by org.testng.reporters.JUnitReportReporter -->
<testsuite hostname="ARS747791" failures="0" tests="2" name="checkpack.Teng" time="0.023" errors="0" timestamp="2023-10-12T14:26:37 IST" skipped="0">
  <testcase classname="checkpack.Teng" name="test3" time="0.006"/>
  <testcase classname="checkpack.Teng" name="test1" time="0.017"/>
</testsuite> <!-- checkpack.Teng -->
