<?xml version="1.0" encoding="UTF-8"?>
<!-- Generated by org.testng.reporters.JUnitReportReporter -->
<testsuite hostname="ARS747791" failures="0" tests="12" name="checkpack.Teng1" time="0.012" errors="0" timestamp="2023-10-14T01:29:28 IST" skipped="8">
  <testcase classname="checkpack.Teng1" name="test1" time="0.000">
    <skipped/>
  </testcase> <!-- test1 -->
  <testcase classname="checkpack.Teng1" name="test1" time="0.002"/>
  <testcase classname="checkpack.Teng1" name="test2" time="0.000">
    <skipped/>
  </testcase> <!-- test2 -->
  <testcase classname="checkpack.Teng1" name="test3" time="0.001">
    <skipped/>
  </testcase> <!-- test3 -->
  <testcase classname="checkpack.Teng1" name="test4" time="0.000">
    <skipped/>
  </testcase> <!-- test4 -->
  <testcase classname="checkpack.Teng1" name="test4" time="0.000">
    <skipped/>
  </testcase> <!-- test4 -->
  <testcase classname="checkpack.Teng1" name="test3" time="0.003"/>
  <testcase classname="checkpack.Teng1" name="test1" time="0.000">
    <skipped/>
  </testcase> <!-- test1 -->
  <testcase classname="checkpack.Teng1" name="test4" time="0.002"/>
  <testcase classname="checkpack.Teng1" name="test2" time="0.001">
    <skipped/>
  </testcase> <!-- test2 -->
  <testcase classname="checkpack.Teng1" name="test3" time="0.000">
    <skipped/>
  </testcase> <!-- test3 -->
  <testcase classname="checkpack.Teng1" name="test2" time="0.003"/>
</testsuite> <!-- checkpack.Teng1 -->
