<?xml version="1.0" encoding="UTF-8"?>
<!-- Generated by org.testng.reporters.JUnitReportReporter -->
<testsuite hostname="ARS747791" failures="0" tests="4" name="checkpack.VerifyFacbookLogin1" time="93.942" errors="0" timestamp="2023-10-18T23:06:25 IST" skipped="0">
  <testcase classname="checkpack.VerifyFacbookLogin1" name="VerifyForgetButton" time="37.984"/>
  <testcase classname="checkpack.VerifyFacbookLogin1" name="openLoginPage" time="6.184"/>
  <testcase classname="checkpack.VerifyFacbookLogin1" name="openLoginPage" time="6.588"/>
  <testcase classname="checkpack.VerifyFacbookLogin1" name="VerifyForgetButton" time="43.186"/>
</testsuite> <!-- checkpack.VerifyFacbookLogin1 -->
